0 info it worked if it ends with ok
1 verbose cli [ 'C:\\Program Files\\nodejs\\node.exe',
1 verbose cli   'C:\\Users\\LINI5\\AppData\\Roaming\\npm\\node_modules\\npm\\bin\\npm-cli.js',
1 verbose cli   'run',
1 verbose cli   'dev' ]
2 info using npm@4.0.5
3 info using node@v6.9.2
4 verbose run-script [ 'predev', 'dev', 'postdev' ]
5 info lifecycle vue2.0-webpack@0.0.1~predev: vue2.0-webpack@0.0.1
6 silly lifecycle vue2.0-webpack@0.0.1~predev: no script for predev, continuing
7 info lifecycle vue2.0-webpack@0.0.1~dev: vue2.0-webpack@0.0.1
8 verbose lifecycle vue2.0-webpack@0.0.1~dev: unsafe-perm in lifecycle true
9 verbose lifecycle vue2.0-webpack@0.0.1~dev: PATH: C:\Users\LINI5\AppData\Roaming\npm\node_modules\npm\bin\node-gyp-bin;D:\Project\Other\webpack\vue2.0-webpack\vue2.0-webpack-forUIPrototype\node_modules\.bin;C:\ProgramData\Oracle\Java\javapath;D:\Ruby22-x64\bin;D:\app\LINI5\product\11.2.0\client_1\bin;C:\oraclexe\app\oracle\product\10.2.0\server\bin;C:\tibco\tibrv\8.3\bin;C:\Windows\system32;C:\Windows;C:\Windows\System32\Wbem;C:\Windows\System32\WindowsPowerShell\v1.0\;Z:\IRIS2-CP\PROD\BIN;C:\Users\LINI5\AppData\Local\Temp\LRE33A5.tmp\bin;C:\tibco\tibrv\8.3\bin;C:\Windows\system32;C:\Windows;C:\Windows\System32\Wbem;C:\Windows\System32\WindowsPowerShell\v1.0\;Z:\IRIS2-CP\PROD\BIN;D:\jdk1.7.0_45\bin;C:\ProgramData\Oracle\Java\javapath;D:\Ruby22-x64\bin;D:\app\LINI5\product\11.2.0\client_1\bin;C:\oraclexe\app\oracle\product\10.2.0\server\bin;C:\tibco\tibrv\8.3\bin;C:\Windows\system32;C:\Windows;C:\Windows\System32\Wbem;C:\Windows\System32\WindowsPowerShell\v1.0\;Z:\IRIS2-CP\PROD\BIN;C:\Users\LINI5\AppData\Local\Temp\LRE33A5.tmp\bin;C:\tibco\tibrv\8.3\bin;C:\Windows\system32;C:\Windows;C:\Windows\System32\Wbem;C:\Windows\System32\WindowsPowerShell\v1.0\;Z:\IRIS2-CP\PROD\BIN;D:\jdk1.7.0_45\bin;C:\ProgramData\Oracle\Java\javapath;D:\Ruby22-x64\bin;D:\app\LINI5\product\11.2.0\client_1\bin;C:\oraclexe\app\oracle\product\10.2.0\server\bin;C:\tibco\tibrv\8.3\bin;C:\Windows\system32;C:\Windows;C:\Windows\System32\Wbem;C:\Windows\System32\WindowsPowerShell\v1.0\;Z:\IRIS2-CP\PROD\BIN;C:\Users\LINI5\AppData\Local\Temp\LRE33A5.tmp\bin;C:\tibco\tibrv\8.3\bin;C:\Windows\system32;C:\Windows;C:\Windows\System32\Wbem;C:\Windows\System32\WindowsPowerShell\v1.0\;Z:\IRIS2-CP\PROD\BIN;D:\jdk1.7.0_45\bin;C:\Windows\System32;C:\Oracle\Middleware\apache-maven-3.0.4\bin;C:\Program Files (x86)\GitExtensions\;C:\Program Files (x86)\Brackets\command;C:\Users\LINI5\AppData\Roaming\npm;C:\Oracle\Middleware\apache-maven-3.0.4\bin;C:\Program Files (x86)\GitExtensions\;C:\Program Files (x86)\Brackets\command;C:\Program Files\Git\bin;C:\Program Files\Docker Toolbox;C:\Program Files (x86)\Common Files\Adobe\AGL;%USERPROFILE%\.dnx\bin;C:\Program Files\Microsoft DNX\Dnvm\;C:\Program Files\Microsoft SQL Server\130\Tools\Binn\;D:\Anaconda3;D:\Anaconda3\Scripts;D:\Anaconda3\Library\bin;C:\Program Files\nodejs\;%PIP_HOME%;;C:\Oracle\Middleware\apache-maven-3.0.4\bin;C:\Program Files (x86)\GitExtensions\;C:\Program Files (x86)\Brackets\command;C:\Users\LINI5\AppData\Roaming\npm;C:\Oracle\Middleware\apache-maven-3.0.4\bin;C:\Program Files (x86)\GitExtensions\;C:\Program Files (x86)\Brackets\command;C:\Program Files\Git\bin;C:\Program Files\Docker Toolbox;C:\Program Files (x86)\Common Files\Adobe\AGL;%USERPROFILE%\.dnx\bin;C:\Program Files\Microsoft DNX\Dnvm\;C:\Program Files\Microsoft SQL Server\130\Tools\Binn\;D:\Anaconda3;D:\Anaconda3\Scripts;D:\Anaconda3\Library\bin;C:\Program Files\nodejs\;C:\Users\LINI5\AppData\Local\Programs\Python\Python35\Scripts;;C:\Oracle\Middleware\apache-maven-3.0.4\bin;C:\Program Files (x86)\GitExtensions\;C:\Program Files (x86)\Brackets\command;C:\Users\LINI5\AppData\Roaming\npm;C:\Oracle\Middleware\apache-maven-3.0.4\bin;C:\Program Files (x86)\GitExtensions\;C:\Program Files (x86)\Brackets\command;C:\Program Files\Git\bin;C:\Program Files\Docker Toolbox;C:\Program Files (x86)\Common Files\Adobe\AGL;C:\Windows\system32\config\systemprofile\.dnx\bin;C:\Program Files\Microsoft DNX\Dnvm\;C:\Program Files\Microsoft SQL Server\130\Tools\Binn\;D:\Anaconda3;D:\Anaconda3\Scripts;D:\Anaconda3\Library\bin;C:\Program Files\nodejs\;C:\Users\LINI5\AppData\Local\Programs\Python\Python35\Scripts;C:\Users\LINI5\AppData\Local\Programs\Python\Python35\Scripts\;C:\Users\LINI5\AppData\Local\Programs\Python\Python35\;C:\Users\LINI5\AppData\Roaming\npm;C:\Program Files (x86)\Microsoft VS Code\bin
10 verbose lifecycle vue2.0-webpack@0.0.1~dev: CWD: D:\Project\Other\webpack\vue2.0-webpack\vue2.0-webpack-forUIPrototype
11 silly lifecycle vue2.0-webpack@0.0.1~dev: Args: [ '/d /s /c',
11 silly lifecycle   'set NODE_ENV=development&& node build/dev-server.js' ]
12 silly lifecycle vue2.0-webpack@0.0.1~dev: Returned: code: 1  signal: null
13 info lifecycle vue2.0-webpack@0.0.1~dev: Failed to exec dev script
14 verbose stack Error: vue2.0-webpack@0.0.1 dev: `set NODE_ENV=development&& node build/dev-server.js`
14 verbose stack Exit status 1
14 verbose stack     at EventEmitter.<anonymous> (C:\Users\LINI5\AppData\Roaming\npm\node_modules\npm\lib\utils\lifecycle.js:279:16)
14 verbose stack     at emitTwo (events.js:106:13)
14 verbose stack     at EventEmitter.emit (events.js:191:7)
14 verbose stack     at ChildProcess.<anonymous> (C:\Users\LINI5\AppData\Roaming\npm\node_modules\npm\lib\utils\spawn.js:40:14)
14 verbose stack     at emitTwo (events.js:106:13)
14 verbose stack     at ChildProcess.emit (events.js:191:7)
14 verbose stack     at maybeClose (internal/child_process.js:877:16)
14 verbose stack     at Process.ChildProcess._handle.onexit (internal/child_process.js:226:5)
15 verbose pkgid vue2.0-webpack@0.0.1
16 verbose cwd D:\Project\Other\webpack\vue2.0-webpack\vue2.0-webpack-forUIPrototype
17 error Windows_NT 6.1.7601
18 error argv "C:\\Program Files\\nodejs\\node.exe" "C:\\Users\\LINI5\\AppData\\Roaming\\npm\\node_modules\\npm\\bin\\npm-cli.js" "run" "dev"
19 error node v6.9.2
20 error npm  v4.0.5
21 error code ELIFECYCLE
22 error vue2.0-webpack@0.0.1 dev: `set NODE_ENV=development&& node build/dev-server.js`
22 error Exit status 1
23 error Failed at the vue2.0-webpack@0.0.1 dev script 'set NODE_ENV=development&& node build/dev-server.js'.
23 error Make sure you have the latest version of node.js and npm installed.
23 error If you do, this is most likely a problem with the vue2.0-webpack package,
23 error not with npm itself.
23 error Tell the author that this fails on your system:
23 error     set NODE_ENV=development&& node build/dev-server.js
23 error You can get information on how to open an issue for this project with:
23 error     npm bugs vue2.0-webpack
23 error Or if that isn't available, you can get their info via:
23 error     npm owner ls vue2.0-webpack
23 error There is likely additional logging output above.
24 verbose exit [ 1, true ]
